<?xml version="1.0" encoding="UTF-8"?>
<testsuite xmlns:xsi="http://www.w3.org/2001/XMLSchema-instance" xsi:noNamespaceSchemaLocation="https://maven.apache.org/surefire/maven-surefire-plugin/xsd/surefire-test-report.xsd" name="swengCalc2.CalculatorTest" time="0.17" tests="8" errors="0" skipped="0" failures="8">
  <properties>
[...]
</properties>
  <testcase name="testMul" classname="swengCalc2.CalculatorTest" time="0.022">
    <failure message="expected:&lt;100[.0]&gt; but was:&lt;100[]&gt;" type="org.junit.ComparisonFailure"><![CDATA[org.junit.ComparisonFailure: expected:<100[.0]> but was:<100[]>
	at swengCalc2.CalculatorTest.testMul(CalculatorTest.java:43)
]]></failure>
  </testcase>
  <testcase name="testNeg" classname="swengCalc2.CalculatorTest" time="0.011">
    <failure message="expected:&lt;-100[.0]&gt; but was:&lt;-100[]&gt;" type="org.junit.ComparisonFailure"><![CDATA[org.junit.ComparisonFailure: expected:<-100[.0]> but was:<-100[]>
	at swengCalc2.CalculatorTest.testNeg(CalculatorTest.java:65)
]]></failure>
  </testcase>
  <testcase name="testadd" classname="swengCalc2.CalculatorTest" time="0">
    <failure message="expected:&lt;100[.0]&gt; but was:&lt;100[]&gt;" type="org.junit.ComparisonFailure"><![CDATA[org.junit.ComparisonFailure: expected:<100[.0]> but was:<100[]>
	at swengCalc2.CalculatorTest.testadd(CalculatorTest.java:21)
]]></failure>
  </testcase>
  <testcase name="testminus" classname="swengCalc2.CalculatorTest" time="0.001">
    <failure message="expected:&lt;10[.0]&gt; but was:&lt;10[]&gt;" type="org.junit.ComparisonFailure"><![CDATA[org.junit.ComparisonFailure: expected:<10[.0]> but was:<10[]>
	at swengCalc2.CalculatorTest.testminus(CalculatorTest.java:32)
]]></failure>
  </testcase>
  <testcase name="testDivide" classname="swengCalc2.CalculatorTest" time="0">
    <failure message="expected:&lt;5[.0]&gt; but was:&lt;5[]&gt;" type="org.junit.ComparisonFailure"><![CDATA[org.junit.ComparisonFailure: expected:<5[.0]> but was:<5[]>
	at swengCalc2.CalculatorTest.testDivide(CalculatorTest.java:54)
]]></failure>
  </testcase>
  <testcase name="testInput1" classname="swengCalc2.CalculatorTest" time="0">
    <failure message="expected:&lt;125[.0]&gt; but was:&lt;125[]&gt;" type="org.junit.ComparisonFailure"><![CDATA[org.junit.ComparisonFailure: expected:<125[.0]> but was:<125[]>
	at swengCalc2.CalculatorTest.testInput1(CalculatorTest.java:77)
]]></failure>
  </testcase>
  <testcase name="testInput2" classname="swengCalc2.CalculatorTest" time="0.009">
    <failure message="expected:&lt;725[.0]&gt; but was:&lt;725[]&gt;" type="org.junit.ComparisonFailure"><![CDATA[org.junit.ComparisonFailure: expected:<725[.0]> but was:<725[]>
	at swengCalc2.CalculatorTest.testInput2(CalculatorTest.java:87)
]]></failure>
  </testcase>
  <testcase name="testInput3" classname="swengCalc2.CalculatorTest" time="0">
    <failure message="expected:&lt;-76396[.0]&gt; but was:&lt;-76396[]&gt;" type="org.junit.ComparisonFailure"><![CDATA[org.junit.ComparisonFailure: expected:<-76396[.0]> but was:<-76396[]>
	at swengCalc2.CalculatorTest.testInput3(CalculatorTest.java:98)
]]></failure>
  </testcase>
</testsuite>