<?xml version="1.0" encoding="UTF-8"?>
<testsuite xmlns:xsi="http://www.w3.org/2001/XMLSchema-instance" xsi:noNamespaceSchemaLocation="https://maven.apache.org/surefire/maven-surefire-plugin/xsd/surefire-test-report.xsd" name="swengCalc2.CalculatorTest" time="0.072" tests="8" errors="0" skipped="0" failures="0">
  <properties>
[...]
</properties>
  <testcase name="testMul" classname="swengCalc2.CalculatorTest" time="0.02"/>
  <testcase name="testNeg" classname="swengCalc2.CalculatorTest" time="0"/>
  <testcase name="testadd" classname="swengCalc2.CalculatorTest" time="0"/>
  <testcase name="testminus" classname="swengCalc2.CalculatorTest" time="0"/>
  <testcase name="testDivide" classname="swengCalc2.CalculatorTest" time="0.001"/>
  <testcase name="testInput1" classname="swengCalc2.CalculatorTest" time="0"/>
  <testcase name="testInput2" classname="swengCalc2.CalculatorTest" time="0.001"/>
  <testcase name="testInput3" classname="swengCalc2.CalculatorTest" time="0"/>
</testsuite>